<?xml version="1.0" encoding="UTF-8"?>
<!-- Generated by org.testng.reporters.JUnitReportReporter -->
<testsuite skipped="0" hostname="LAPTOP-A8332NNU" name="com.Data.SonuDataDriven.TestScripts.RegistrationPage" tests="1" failures="0" timestamp="26 Jun 2018 08:00:18 GMT" time="24.730" errors="0">
  <testcase name="regestration" time="24.730" classname="com.Data.SonuDataDriven.TestScripts.RegistrationPage"/>
</testsuite> <!-- com.Data.SonuDataDriven.TestScripts.RegistrationPage -->
